[0m13:09:47.448608 [debug] [MainThread]: Sending event: {'category': 'dbt', 'action': 'invocation', 'label': 'start', 'context': [<snowplow_tracker.self_describing_json.SelfDescribingJson object at 0x00000295F4D9AA20>, <snowplow_tracker.self_describing_json.SelfDescribingJson object at 0x00000295F775CC80>, <snowplow_tracker.self_describing_json.SelfDescribingJson object at 0x00000295F6C1E7E0>]}


============================== 13:09:47.542790 | 06028966-27c6-4ba7-8fb2-1f962406807a ==============================
[0m13:09:47.542790 [info ] [MainThread]: Running with dbt=1.10.15
[0m13:09:47.542790 [debug] [MainThread]: running dbt with arguments {'static_parser': 'True', 'no_print': 'None', 'version_check': 'True', 'target_path': 'None', 'warn_error_options': 'WarnErrorOptionsV2(error=[], warn=[], silence=[])', 'printer_width': '80', 'write_json': 'True', 'introspect': 'True', 'log_cache_events': 'False', 'empty': 'None', 'cache_selected_only': 'False', 'fail_fast': 'False', 'debug': 'False', 'log_format': 'default', 'partial_parse': 'True', 'send_anonymous_usage_stats': 'True', 'quiet': 'False', 'warn_error': 'None', 'profiles_dir': 'C:\\Users\\ppjon\\.dbt', 'indirect_selection': 'eager', 'invocation_command': 'dbt init', 'use_colors': 'True', 'use_experimental_parser': 'False', 'log_path': 'logs'}
[0m13:09:48.463342 [info ] [MainThread]: Creating dbt configuration folder at C:\Users\ppjon\.dbt
[0m15:04:15.346817 [error] [MainThread]: Encountered an error:

[0m15:04:15.355787 [error] [MainThread]: Traceback (most recent call last):
  File "C:\Users\ppjon\WorkSpace\Jornada\SQL\dbt_northwind\.venv\Lib\site-packages\dbt\cli\requires.py", line 178, in wrapper
    result, success = func(*args, **kwargs)
                      ^^^^^^^^^^^^^^^^^^^^^
  File "C:\Users\ppjon\WorkSpace\Jornada\SQL\dbt_northwind\.venv\Lib\site-packages\dbt\cli\requires.py", line 128, in wrapper
    return func(*args, **kwargs)
           ^^^^^^^^^^^^^^^^^^^^^
  File "C:\Users\ppjon\WorkSpace\Jornada\SQL\dbt_northwind\.venv\Lib\site-packages\dbt\cli\main.py", line 483, in init
    results = task.run()
              ^^^^^^^^^^
  File "C:\Users\ppjon\WorkSpace\Jornada\SQL\dbt_northwind\.venv\Lib\site-packages\dbt\task\init.py", line 324, in run
    project_name = self.get_valid_project_name()
                   ^^^^^^^^^^^^^^^^^^^^^^^^^^^^^
  File "C:\Users\ppjon\WorkSpace\Jornada\SQL\dbt_northwind\.venv\Lib\site-packages\dbt\task\init.py", line 278, in get_valid_project_name
    name = click.prompt("Enter a name for your project (letters, digits, underscore)")
           ^^^^^^^^^^^^^^^^^^^^^^^^^^^^^^^^^^^^^^^^^^^^^^^^^^^^^^^^^^^^^^^^^^^^^^^^^^^
  File "C:\Users\ppjon\WorkSpace\Jornada\SQL\dbt_northwind\.venv\Lib\site-packages\click\termui.py", line 171, in prompt
    value = prompt_func(prompt)
            ^^^^^^^^^^^^^^^^^^^
  File "C:\Users\ppjon\WorkSpace\Jornada\SQL\dbt_northwind\.venv\Lib\site-packages\click\termui.py", line 154, in prompt_func
    raise Abort() from None
click.exceptions.Abort

[0m15:04:15.355787 [debug] [MainThread]: Command `dbt init` failed at 15:04:15.355787 after 6868.02 seconds
[0m15:04:15.355787 [debug] [MainThread]: Sending event: {'category': 'dbt', 'action': 'invocation', 'label': 'end', 'context': [<snowplow_tracker.self_describing_json.SelfDescribingJson object at 0x00000295F7BD72C0>, <snowplow_tracker.self_describing_json.SelfDescribingJson object at 0x00000295F51A25A0>, <snowplow_tracker.self_describing_json.SelfDescribingJson object at 0x00000295F7987170>]}
[0m15:04:15.359052 [debug] [MainThread]: Flushing usage events
[0m15:04:16.135627 [debug] [MainThread]: An error was encountered while trying to flush usage events
